Buildfile: /home/administrator/Documents/CA/CS311-Computer-Architecture-Lab/Assignment-2/submissions/build.xml

build-subprojects:

init:
    [mkdir] Created dir: /home/administrator/Documents/CA/CS311-Computer-Architecture-Lab/Assignment-2/submissions/bin
     [copy] Copying 1 file to /home/administrator/Documents/CA/CS311-Computer-Architecture-Lab/Assignment-2/submissions/bin

build-project:
     [echo] CustomISAAssembler: /home/administrator/Documents/CA/CS311-Computer-Architecture-Lab/Assignment-2/submissions/build.xml
    [javac] Compiling 8 source files to /home/administrator/Documents/CA/CS311-Computer-Architecture-Lab/Assignment-2/submissions/bin
    [javac] warning: [options] bootstrap class path not set in conjunction with -source 8
    [javac] /home/administrator/Documents/CA/CS311-Computer-Architecture-Lab/Assignment-2/submissions/src/main/Main.java:15: error: method setupSimulation in class Simulator cannot be applied to given types;
    [javac] 		Simulator.setupSimulation(args[0], null);
    [javac] 		         ^
    [javac]   required: String
    [javac]   found: String,<null>
    [javac]   reason: actual and formal argument lists differ in length
    [javac] 1 error
    [javac] 1 warning

BUILD FAILED
/home/administrator/Documents/CA/CS311-Computer-Architecture-Lab/Assignment-2/submissions/build.xml:31: Compile failed; see the compiler error output for details.

Total time: 1 second
